 
==================================================
 Batch run: 04-May-2005 14:25:34
==================================================
 
 
==================================================
 Creating FeatureData files: 
==================================================
 
Processing scr028_2.apm ...
Unknown message code 65793 on channel 0, length 2 !
Unknown message code 65792 on channel 0, length 2 !
Unknown message code 65793 on channel 0, length 2 !
Unknown message code 65792 on channel 0, length 2 !
Unknown message code 65793 on channel 0, length 2 !
Unknown message code 65792 on channel 0, length 2 !
Unknown message code 65793 on channel 0, length 2 !
Unknown message code 65792 on channel 0, length 2 !
Unknown message code 65793 on channel 0, length 2 !
Unknown message code 65792 on channel 0, length 2 !
Unknown message code 65793 on channel 0, length 2 !
Unknown message code 65792 on channel 0, length 2 !
Unknown message code 65793 on channel 0, length 2 !
Unknown message code 65792 on channel 0, length 2 !
Unknown message code 65793 on channel 0, length 2 !
Unknown message code 65792 on channel 0, length 2 !
Unknown message code 65793 on channel 0, length 2 !
Unknown message code 65792 on channel 0, length 2 !
Unknown message code 65793 on channel 0, length 2 !
Unknown message code 65792 on channel 0, length 2 !
Unknown message code 65793 on channel 0, length 2 !
Unknown message code 65792 on channel 0, length 2 !
Unknown message code 65793 on channel 0, length 2 !
Unknown message code 65792 on channel 0, length 2 !
Unknown message code 65793 on channel 0, length 2 !
Unknown message code 65792 on channel 0, length 2 !
Unknown message code 65793 on channel 0, length 2 !
Unknown message code 65792 on channel 0, length 2 !
Unknown message code 65793 on channel 0, length 2 !
Unknown message code 65792 on channel 0, length 2 !
Unknown message code 65793 on channel 0, length 2 !
Unknown message code 65792 on channel 0, length 2 !
Unknown message code 65793 on channel 0, length 2 !
Unknown message code 65792 on channel 0, length 2 !
Unknown message code 65793 on channel 0, length 2 !
Unknown message code 65792 on channel 0, length 2 !
Unknown message code 65793 on channel 0, length 2 !
Unknown message code 65792 on channel 0, length 2 !
Unknown message code 65793 on channel 0, length 2 !
Unknown message code 65792 on channel 0, length 2 !
Unknown message code 65793 on channel 0, length 2 !
Unknown message code 65792 on channel 0, length 2 !
Unknown message code 65793 on channel 0, length 2 !
Unknown message code 65792 on channel 0, length 2 !
Unknown message code 65793 on channel 0, length 2 !
Unknown message code 65792 on channel 0, length 2 !
Unknown message code 65793 on channel 0, length 2 !
Unknown message code 65792 on channel 0, length 2 !
Unknown message code 65793 on channel 0, length 2 !
Unknown message code 65792 on channel 0, length 2 !
Unknown message code 65793 on channel 0, length 2 !
Unknown message code 65792 on channel 0, length 2 !
Unknown message code 65793 on channel 0, length 2 !
Unknown message code 65792 on channel 0, length 2 !
Unknown message code 65793 on channel 0, length 2 !
Unknown message code 65792 on channel 0, length 2 !
Unknown message code 65793 on channel 0, length 2 !
Unknown message code 65792 on channel 0, length 2 !
Unknown message code 65793 on channel 0, length 2 !
Unknown message code 65792 on channel 0, length 2 !
Unknown message code 65793 on channel 0, length 2 !
Unknown message code 65792 on channel 0, length 2 !
Unknown message code 65793 on channel 0, length 2 !
Unknown message code 65792 on channel 0, length 2 !
Unknown message code 65793 on channel 0, length 2 !
Unknown message code 65792 on channel 0, length 2 !
Unknown message code 65793 on channel 0, length 2 !
Unknown message code 65792 on channel 0, length 2 !
Unknown message code 65793 on channel 0, length 2 !
Unknown message code 65792 on channel 0, length 2 !
Unknown message code 65793 on channel 0, length 2 !
Unknown message code 65792 on channel 0, length 2 !
Unknown message code 65793 on channel 0, length 2 !
Unknown message code 65792 on channel 0, length 2 !
Unknown message code 65793 on channel 0, length 2 !
Unknown message code 65792 on channel 0, length 2 !
Unknown message code 65793 on channel 0, length 2 !
Unknown message code 65792 on channel 0, length 2 !
Unknown message code 65793 on channel 0, length 2 !
Unknown message code 65792 on channel 0, length 2 !
Unknown message code 65793 on channel 0, length 2 !
Unknown message code 65792 on channel 0, length 2 !
Unknown message code 65793 on channel 0, length 2 !
Unknown message code 65792 on channel 0, length 2 !
Unknown message code 65793 on channel 0, length 2 !
Unknown message code 65792 on channel 0, length 2 !
Unknown message code 65793 on channel 0, length 2 !
Unknown message code 65792 on channel 0, length 2 !
Unknown message code 65793 on channel 0, length 2 !
Unknown message code 65792 on channel 0, length 2 !
Unknown message code 65793 on channel 0, length 2 !
Unknown message code 65792 on channel 0, length 2 !
Unknown message code 65793 on channel 0, length 2 !
Unknown message code 65792 on channel 0, length 2 !
Unknown message code 65793 on channel 0, length 2 !
Unknown message code 65792 on channel 0, length 2 !
Unknown message code 65793 on channel 0, length 2 !
Unknown message code 65792 on channel 0, length 2 !
Unknown message code 65793 on channel 0, length 2 !
Unknown message code 65792 on channel 0, length 2 !
Unknown message code 65793 on channel 0, length 2 !
Unknown message code 65792 on channel 0, length 2 !
Unknown message code 65793 on channel 0, length 2 !
Unknown message code 65792 on channel 0, length 2 !
Unknown message code 65793 on channel 0, length 2 !
Unknown message code 65792 on channel 0, length 2 !
Unknown message code 65793 on channel 0, length 2 !
Unknown message code 65792 on channel 0, length 2 !
Unknown message code 65793 on channel 0, length 2 !
Unknown message code 65792 on channel 0, length 2 !
Unknown message code 65793 on channel 0, length 2 !
Unknown message code 65792 on channel 0, length 2 !
Unknown message code 65793 on channel 0, length 2 !
Unknown message code 65792 on channel 0, length 2 !
Unknown message code 65793 on channel 0, length 2 !
Unknown message code 65792 on channel 0, length 2 !
Unknown message code 65793 on channel 0, length 2 !
Unknown message code 65792 on channel 0, length 2 !
Unknown message code 65793 on channel 0, length 2 !
Unknown message code 65792 on channel 0, length 2 !
Unknown message code 65793 on channel 0, length 2 !
Unknown message code 65792 on channel 0, length 2 !
Unknown message code 65793 on channel 0, length 2 !
Unknown message code 65792 on channel 0, length 2 !
Unknown message code 65793 on channel 0, length 2 !
Unknown message code 65792 on channel 0, length 2 !
Unknown message code 65793 on channel 0, length 2 !
Unknown message code 65792 on channel 0, length 2 !
Unknown message code 65793 on channel 0, length 2 !
Unknown message code 65792 on channel 0, length 2 !
Unknown message code 65793 on channel 0, length 2 !
Unknown message code 65792 on channel 0, length 2 !
Unknown message code 65793 on channel 0, length 2 !
Unknown message code 65792 on channel 0, length 2 !
Unknown message code 65793 on channel 0, length 2 !
Unknown message code 65792 on channel 0, length 2 !
Unknown message code 65793 on channel 0, length 2 !
Unknown message code 65792 on channel 0, length 2 !
Unknown message code 65793 on channel 0, length 2 !
Unknown message code 65792 on channel 0, length 2 !
Unknown message code 65793 on channel 0, length 2 !
Unknown message code 65792 on channel 0, length 2 !
Unknown message code 65793 on channel 0, length 2 !
Unknown message code 65792 on channel 0, length 2 !
Unknown message code 65793 on channel 0, length 2 !
Unknown message code 65792 on channel 0, length 2 !
Unknown message code 65793 on channel 0, length 2 !
Unknown message code 65792 on channel 0, length 2 !
Unknown message code 65793 on channel 0, length 2 !
Unknown message code 65792 on channel 0, length 2 !
Unknown message code 65793 on channel 0, length 2 !
Unknown message code 65792 on channel 0, length 2 !
Unknown message code 65793 on channel 0, length 2 !
Unknown message code 65792 on channel 0, length 2 !
Unknown message code 65793 on channel 0, length 2 !
Unknown message code 65792 on channel 0, length 2 !
Unknown message code 65793 on channel 0, length 2 !
Unknown message code 65792 on channel 0, length 2 !
Unknown message code 65793 on channel 0, length 2 !
Unknown message code 65792 on channel 0, length 2 !
Unknown message code 65793 on channel 0, length 2 !
Unknown message code 65792 on channel 0, length 2 !
Unknown message code 65793 on channel 0, length 2 !
Unknown message code 65792 on channel 0, length 2 !
Unknown message code 65793 on channel 0, length 2 !
Unknown message code 65792 on channel 0, length 2 !
Unknown message code 65793 on channel 0, length 2 !
Unknown message code 65792 on channel 0, length 2 !
Unknown message code 65793 on channel 0, length 2 !
Unknown message code 65792 on channel 0, length 2 !
Unknown message code 65793 on channel 0, length 2 !
Unknown message code 65792 on channel 0, length 2 !
Unknown message code 65793 on channel 0, length 2 !
Unknown message code 65792 on channel 0, length 2 !
Unknown message code 65793 on channel 0, length 2 !
Unknown message code 65792 on channel 0, length 2 !
Unknown message code 65793 on channel 0, length 2 !
Unknown message code 65792 on channel 0, length 2 !
Unknown message code 65793 on channel 0, length 2 !
Unknown message code 65792 on channel 0, length 2 !
Unknown message code 65793 on channel 0, length 2 !
Unknown message code 65792 on channel 0, length 2 !
Unknown message code 65793 on channel 0, length 2 !
Unknown message code 65792 on channel 0, length 2 !
Unknown message code 65793 on channel 0, length 2 !
Unknown message code 65792 on channel 0, length 2 !
Unknown message code 65793 on channel 0, length 2 !
Unknown message code 65792 on channel 0, length 2 !
Unknown message code 65793 on channel 0, length 2 !
Unknown message code 65792 on channel 0, length 2 !
Unknown message code 65793 on channel 0, length 2 !
Unknown message code 65792 on channel 0, length 2 !
Unknown message code 65793 on channel 0, length 2 !
Unknown message code 65792 on channel 0, length 2 !
Unknown message code 65793 on channel 0, length 2 !
Unknown message code 65792 on channel 0, length 2 !
Unknown message code 65793 on channel 0, length 2 !
Unknown message code 65792 on channel 0, length 2 !
Unknown message code 65793 on channel 0, length 2 !
Unknown message code 65792 on channel 0, length 2 !
Unknown message code 65793 on channel 0, length 2 !
Unknown message code 65792 on channel 0, length 2 !
Unknown message code 65793 on channel 0, length 2 !
Unknown message code 65792 on channel 0, length 2 !
Unknown message code 65793 on channel 0, length 2 !
Unknown message code 65792 on channel 0, length 2 !
Unknown message code 65793 on channel 0, length 2 !
Unknown message code 65792 on channel 0, length 2 !
Unknown message code 65793 on channel 0, length 2 !
Unknown message code 65792 on channel 0, length 2 !
Unknown message code 65793 on channel 0, length 2 !
Unknown message code 65792 on channel 0, length 2 !
Unknown message code 65793 on channel 0, length 2 !
Unknown message code 65792 on channel 0, length 2 !
Unknown message code 65793 on channel 0, length 2 !
Unknown message code 65792 on channel 0, length 2 !
Unknown message code 65793 on channel 0, length 2 !
Unknown message code 65792 on channel 0, length 2 !
Unknown message code 65793 on channel 0, length 2 !
Unknown message code 65792 on channel 0, length 2 !
Unknown message code 65793 on channel 0, length 2 !
Unknown message code 65792 on channel 0, length 2 !
Unknown message code 65793 on channel 0, length 2 !
Unknown message code 65792 on channel 0, length 2 !
Unknown message code 65793 on channel 0, length 2 !
Unknown message code 65792 on channel 0, length 2 !
Unknown message code 65793 on channel 0, length 2 !
Unknown message code 65792 on channel 0, length 2 !
Unknown message code 65793 on channel 0, length 2 !
Unknown message code 65792 on channel 0, length 2 !
Unknown message code 65793 on channel 0, length 2 !
Unknown message code 65792 on channel 0, length 2 !
Unknown message code 65793 on channel 0, length 2 !
Unknown message code 65792 on channel 0, length 2 !
Unknown message code 65793 on channel 0, length 2 !
Unknown message code 65792 on channel 0, length 2 !
Unknown message code 65793 on channel 0, length 2 !
Unknown message code 65792 on channel 0, length 2 !
Unknown message code 65793 on channel 0, length 2 !
Unknown message code 65792 on channel 0, length 2 !
Unknown message code 65793 on channel 0, length 2 !
Unknown message code 65792 on channel 0, length 2 !
Unknown message code 65793 on channel 0, length 2 !
Unknown message code 65792 on channel 0, length 2 !
Unknown message code 65793 on channel 0, length 2 !
Unknown message code 65792 on channel 0, length 2 !
Unknown message code 65793 on channel 0, length 2 !
Unknown message code 65792 on channel 0, length 2 !
Unknown message code 65793 on channel 0, length 2 !
Unknown message code 65792 on channel 0, length 2 !
Unknown message code 65793 on channel 0, length 2 !
Unknown message code 65792 on channel 0, length 2 !
Unknown message code 65793 on channel 0, length 2 !
Unknown message code 65792 on channel 0, length 2 !
Unknown message code 65793 on channel 0, length 2 !
Unknown message code 65792 on channel 0, length 2 !
Unknown message code 65793 on channel 0, length 2 !
Unknown message code 65792 on channel 0, length 2 !
Unknown message code 65793 on channel 0, length 2 !
Unknown message code 65792 on channel 0, length 2 !
Unknown message code 65793 on channel 0, length 2 !
Unknown message code 65792 on channel 0, length 2 !
Unknown message code 65793 on channel 0, length 2 !
Unknown message code 65792 on channel 0, length 2 !
Unknown message code 65793 on channel 0, length 2 !
Unknown message code 65792 on channel 0, length 2 !
Unknown message code 65793 on channel 0, length 2 !
Unknown message code 65792 on channel 0, length 2 !
Unknown message code 65793 on channel 0, length 2 !
Unknown message code 65792 on channel 0, length 2 !
Unknown message code 65793 on channel 0, length 2 !
Unknown message code 65792 on channel 0, length 2 !
Unknown message code 65793 on channel 0, length 2 !
Unknown message code 65792 on channel 0, length 2 !
Unknown message code 65793 on channel 0, length 2 !
Unknown message code 65792 on channel 0, length 2 !
Unknown message code 65793 on channel 0, length 2 !
Unknown message code 65792 on channel 0, length 2 !
Unknown message code 65793 on channel 0, length 2 !
Unknown message code 65792 on channel 0, length 2 !
Unknown message code 65793 on channel 0, length 2 !
Unknown message code 65792 on channel 0, length 2 !
Unknown message code 65793 on channel 0, length 2 !
Unknown message code 65792 on channel 0, length 2 !
Unknown message code 65793 on channel 0, length 2 !
Unknown message code 65792 on channel 0, length 2 !
Unknown message code 65793 on channel 0, length 2 !
Unknown message code 65792 on channel 0, length 2 !
Unknown message code 65793 on channel 0, length 2 !
Unknown message code 65792 on channel 0, length 2 !
Unknown message code 65793 on channel 0, length 2 !
Unknown message code 65792 on channel 0, length 2 !
Unknown message code 65793 on channel 0, length 2 !
Unknown message code 65792 on channel 0, length 2 !
Unknown message code 65793 on channel 0, length 2 !
Unknown message code 65792 on channel 0, length 2 !
Unknown message code 65793 on channel 0, length 2 !
Unknown message code 65792 on channel 0, length 2 !
Unknown message code 65793 on channel 0, length 2 !
Unknown message code 65792 on channel 0, length 2 !
Unknown message code 65793 on channel 0, length 2 !
Unknown message code 65792 on channel 0, length 2 !
Unknown message code 65793 on channel 0, length 2 !
Unknown message code 65792 on channel 0, length 2 !
Unknown message code 65793 on channel 0, length 2 !
Unknown message code 65792 on channel 0, length 2 !
Unknown message code 65793 on channel 0, length 2 !
Unknown message code 65792 on channel 0, length 2 !
Unknown message code 65793 on channel 0, length 2 !
Unknown message code 65792 on channel 0, length 2 !
Unknown message code 65793 on channel 0, length 2 !
Unknown message code 65792 on channel 0, length 2 !
Unknown message code 65793 on channel 0, length 2 !
Unknown message code 65792 on channel 0, length 2 !
Unknown message code 65793 on channel 0, length 2 !
Unknown message code 65792 on channel 0, length 2 !
Unknown message code 65793 on channel 0, length 2 !
Unknown message code 65792 on channel 0, length 2 !
Unknown message code 65793 on channel 0, length 2 !
Unknown message code 65792 on channel 0, length 2 !
Unknown message code 65793 on channel 0, length 2 !
Unknown message code 65792 on channel 0, length 2 !
Unknown message code 65793 on channel 0, length 2 !
Unknown message code 65792 on channel 0, length 2 !
Unknown message code 65793 on channel 0, length 2 !
Unknown message code 65792 on channel 0, length 2 !
Unknown message code 65793 on channel 0, length 2 !
Unknown message code 65792 on channel 0, length 2 !
Unknown message code 65793 on channel 0, length 2 !
Unknown message code 65792 on channel 0, length 2 !
Unknown message code 65793 on channel 0, length 2 !
Unknown message code 65792 on channel 0, length 2 !
Unknown message code 65793 on channel 0, length 2 !
Unknown message code 65792 on channel 0, length 2 !
Unknown message code 65793 on channel 0, length 2 !
Unknown message code 65792 on channel 0, length 2 !
Unknown message code 65793 on channel 0, length 2 !
Unknown message code 65792 on channel 0, length 2 !
Unknown message code 65793 on channel 0, length 2 !
Unknown message code 65792 on channel 0, length 2 !
Unknown message code 65793 on channel 0, length 2 !
Unknown message code 65792 on channel 0, length 2 !
Unknown message code 65793 on channel 0, length 2 !
Unknown message code 65792 on channel 0, length 2 !
Unknown message code 65793 on channel 0, length 2 !
Unknown message code 65792 on channel 0, length 2 !
Unknown message code 65793 on channel 0, length 2 !
Unknown message code 65792 on channel 0, length 2 !
Unknown message code 65793 on channel 0, length 2 !
Unknown message code 65792 on channel 0, length 2 !
Unknown message code 65793 on channel 0, length 2 !
Unknown message code 65792 on channel 0, length 2 !
Unknown message code 65793 on channel 0, length 2 !
Unknown message code 65792 on channel 0, length 2 !
Unknown message code 65793 on channel 0, length 2 !
Unknown message code 65792 on channel 0, length 2 !
Unknown message code 65793 on channel 0, length 2 !
Unknown message code 65792 on channel 0, length 2 !
Unknown message code 65793 on channel 0, length 2 !
Unknown message code 65792 on channel 0, length 2 !
Unknown message code 65793 on channel 0, length 2 !
Unknown message code 65792 on channel 0, length 2 !
Unknown message code 65793 on channel 0, length 2 !
Unknown message code 65792 on channel 0, length 2 !
Unknown message code 65793 on channel 0, length 2 !
Unknown message code 65792 on channel 0, length 2 !
Unknown message code 65793 on channel 0, length 2 !
Unknown message code 65792 on channel 0, length 2 !
Unknown message code 65793 on channel 0, length 2 !
Unknown message code 65792 on channel 0, length 2 !
Unknown message code 65793 on channel 0, length 2 !
Unknown message code 65792 on channel 0, length 2 !
Unknown message code 65793 on channel 0, length 2 !
Unknown message code 65792 on channel 0, length 2 !
Unknown message code 65793 on channel 0, length 2 !
Unknown message code 65792 on channel 0, length 2 !
Unknown message code 65793 on channel 0, length 2 !
Unknown message code 65792 on channel 0, length 2 !
Unknown message code 65793 on channel 0, length 2 !
Unknown message code 65792 on channel 0, length 2 !
Unknown message code 65793 on channel 0, length 2 !
Unknown message code 65792 on channel 0, length 2 !
Unknown message code 65793 on channel 0, length 2 !
Unknown message code 65792 on channel 0, length 2 !
Unknown message code 65793 on channel 0, length 2 !
Unknown message code 65792 on channel 0, length 2 !
Unknown message code 65793 on channel 0, length 2 !
Unknown message code 65792 on channel 0, length 2 !
U