 
==================================================
 Batch run: 04-May-2005 14:28:43
==================================================
 
 
==================================================
 Creating FeatureData files: 
==================================================
 
Processing scr028_2.apm ...
Unknown message code 65793 on channel 0, length 2 !
Unknown message code 65792 on channel 0, length 2 !
Unknown message code 65793 on channel 0, length 2 !
Unknown message code 65792 on channel 0, length 2 !
Unknown message code 65793 on channel 0, length 2 !
Unknown message code 65792 on channel 0, length 2 !
Unknown message code 65793 on channel 0, length 2 !
Unknown message code 65792 on channel 0, length 2 !
Unknown message code 65793 on channel 0, length 2 !
Unknown message code 65792 on channel 0, length 2 !
Unknown message code 65793 on channel 0, length 2 !
Unknown message code 65792 on channel 0, length 2 !
Unknown message code 65793 on channel 0, length 2 !
Unknown message code 65792 on channel 0, length 2 !
Unknown message code 65793 on channel 0, length 2 !
Unknown message code 65792 on channel 0, length 2 !
Unknown message code 65793 on channel 0, length 2 !
Unknown message code 65792 on channel 0, length 2 !
Unknown message code 65793 on channel 0, length 2 !
Unknown message code 65792 on channel 0, length 2 !
Unknown message code 65793 on channel 0, length 2 !
Unknown message code 65792 on channel 0, length 2 !
Unknown message code 65793 on channel 0, length 2 !
Unknown message code 65792 on channel 0, length 2 !
Unknown message code 65793 on channel 0, length 2 !
Unknown message code 65792 on channel 0, length 2 !
Unknown message code 65793 on channel 0, length 2 !
Unknown message code 65792 on channel 0, length 2 !
Unknown message code 65793 on channel 0, length 2 !
Unknown message code 65792 on channel 0, length 2 !
Unknown message code 65793 on channel 0, length 2 !
Unknown message code 65792 on channel 0, length 2 !
Unknown message code 65793 on channel 0, length 2 !
Unknown message code 65792 on channel 0, length 2 !
Unknown message code 65793 on channel 0, length 2 !
Unknown message code 65792 on channel 0, length 2 !
Unknown message code 65793 on channel 0, length 2 !
Unknown message code 65792 on channel 0, length 2 !
Unknown message code 65793 on channel 0, length 2 !
Unknown message code 65792 on channel 0, length 2 !
Unknown message code 65793 on channel 0, length 2 !
Unknown message code 65792 on channel 0, length 2 !
Unknown message code 65793 on channel 0, length 2 !
Unknown message code 65792 on channel 0, length 2 !
Unknown message code 65793 on channel 0, length 2 !
Unknown message code 65792 on channel 0, length 2 !
Unknown message code 65793 on channel 0, length 2 !
Unknown message code 65792 on channel 0, length 2 !
Unknown message code 65793 on channel 0, length 2 !
Unknown message code 65792 on channel 0, length 2 !
Unknown message code 65793 on channel 0, length 2 !
Unknown message code 65792 on channel 0, length 2 !
Unknown message code 65793 on channel 0, length 2 !
Unknown message code 65792 on channel 0, length 2 !
Unknown message code 65793 on channel 0, length 2 !
Unknown message code 65792 on channel 0, length 2 !
Unknown message code 65793 on channel 0, length 2 !
Unknown message code 65792 on channel 0, length 2 !
Unknown message code 65793 on channel 0, length 2 !
Unknown message code 65792 on channel 0, length 2 !
Unknown message code 65793 on channel 0, length 2 !
Unknown message code 65792 on channel 0, length 2 !
Unknown message code 65793 on channel 0, length 2 !
Unknown message code 65792 on channel 0, length 2 !
Unknown message code 65793 on channel 0, length 2 !
Unknown message code 65792 on channel 0, length 2 !
Unknown message code 65793 on channel 0, length 2 !
Unknown message code 65792 on channel 0, length 2 !
Unknown message code 65793 on channel 0, length 2 !
Unknown message code 65792 on channel 0, length 2 !
Unknown message code 65793 on channel 0, length 2 !
Unknown message code 65792 on channel 0, length 2 !
Unknown message code 65793 on channel 0, length 2 !
Unknown message code 65792 on channel 0, length 2 !
Unknown message code 65793 on channel 0, length 2 !
Unknown message code 65792 on channel 0, length 2 !
Unknown message code 65793 on channel 0, length 2 !
Unknown message code 65792 on channel 0, length 2 !
Unknown message code 65793 on channel 0, length 2 !
Unknown message code 65792 on channel 0, length 2 !
Unknown message code 65793 on channel 0, length 2 !
Unknown message code 65792 on channel 0, length 2 !
Unknown message code 65793 on channel 0, length 2 !
Unknown message code 65792 on channel 0, length 2 !
Unknown message code 65793 on channel 0, length 2 !
Unknown message code 65792 on channel 0, length 2 !
Unknown message code 65793 on channel 0, length 2 !
Unknown message code 65792 on channel 0, length 2 !
Unknown message code 65793 on channel 0, length 2 !
Unknown message code 65792 on channel 0, length 2 !
Unknown message code 65793 on channel 0, length 2 !
Unknown message code 65792 on channel 0, length 2 !
Unknown message code 65793 on channel 0, length 2 !
Unknown message code 65792 on channel 0, length 2 !
Unknown message code 65793 on channel 0, length 2 !
Unknown message code 65792 on channel 0, length 2 !
Unknown message code 65793 on channel 0, length 2 !
Unknown message code 65792 on channel 0, length 2 !
Unknown message code 65793 on channel 0, length 2 !
Unknown message code 65792 on channel 0, length 2 !
Unknown message code 65793 on channel 0, length 2 !
Unknown message code 65792 on channel 0, length 2 !
Unknown message code 65793 on channel 0, length 2 !
Unknown message code 65792 on channel 0, length 2 !
Unknown message code 65793 on channel 0, length 2 !
Unknown message code 65792 on channel 0, length 2 !
Unknown message code 65793 on channel 0, length 2 !
Unknown message code 65792 on channel 0, length 2 !
Unknown message code 65793 on channel 0, length 2 !
Unknown message code 65792 on channel 0, length 2 !
Unknown message code 65793 on channel 0, length 2 !
Unknown message code 65792 on channel 0, length 2 !
Unknown message code 65793 on channel 0, length 2 !
Unknown message code 65792 on channel 0, length 2 !
Unknown message code 65793 on channel 0, length 2 !
Unknown message code 65792 on channel 0, length 2 !
Unknown message code 65793 on channel 0, length 2 !
Unknown message code 65792 on channel 0, length 2 !
Unknown message code 65793 on channel 0, length 2 !
Unknown message code 65792 on channel 0, length 2 !
Unknown message code 65793 on channel 0, length 2 !
Unknown message code 65792 on channel 0, length 2 !
Unknown message code 65793 on channel 0, length 2 !
Unknown message code 65792 on channel 0, length 2 !
Unknown message code 65793 on channel 0, length 2 !
Unknown message code 65792 on channel 0, length 2 !
Unknown message code 65793 on channel 0, length 2 !
Unknown message code 65792 on channel 0, length 2 !
Unknown message code 65793 on channel 0, length 2 !
Unknown message code 65792 on channel 0, length 2 !
Unknown message code 65793 on channel 0, length 2 !
Unknown message code 65792 on channel 0, length 2 !
Unknown message code 65793 on channel 0, length 2 !
Unknown message code 65792 on channel 0, length 2 !
Unknown message code 65793 on channel 0, length 2 !
Unknown message code 65792 on channel 0, length 2 !
Unknown message code 65793 on channel 0, length 2 !
Unknown message code 65792 on channel 0, length 2 !
Unknown message code 65793 on channel 0, length 2 !
Unknown message code 65792 on channel 0, length 2 !
Unknown message code 65793 on channel 0, length 2 !
Unknown message code 65792 on channel 0, length 2 !
Unknown message code 65793 on channel 0, length 2 !
Unknown message code 65792 on channel 0, length 2 !
Unknown message code 65793 on channel 0, length 2 !
Unknown message code 65792 on channel 0, length 2 !
Unknown message code 65793 on channel 0, length 2 !
Unknown message code 65792 on channel 0, length 2 !
Unknown message code 65793 on channel 0, length 2 !
Unknown message code 65792 on channel 0, length 2 !
Unknown message code 65793 on channel 0, length 2 !
Unknown message code 65792 on channel 0, length 2 !
Unknown message code 65793 on channel 0, length 2 !
Unknown message code 65792 on channel 0, length 2 !
Unknown message code 65793 on channel 0, length 2 !
Unknown message code 65792 on channel 0, length 2 !
Unknown message code 65793 on channel 0, length 2 !
Unknown message code 65792 on channel 0, length 2 !
Unknown message code 65793 on channel 0, length 2 !
Unknown message code 65792 on channel 0, length 2 !
Unknown message code 65793 on channel 0, length 2 !
Unknown message code 65792 on channel 0, length 2 !
Unknown message code 65793 on channel 0, length 2 !
Unknown message code 65792 on channel 0, length 2 !
Unknown message code 65793 on channel 0, length 2 !
Unknown message code 65792 on channel 0, length 2 !
Unknown message code 65793 on channel 0, length 2 !
Unknown message code 65792 on channel 0, length 2 !
Unknown message code 65793 on channel 0, length 2 !
Unknown message code 65792 on channel 0, length 2 !
Unknown message code 65793 on channel 0, length 2 !
Unknown message code 65792 on channel 0, length 2 !
Unknown message code 65793 on channel 0, length 2 !
Unknown message code 65792 on channel 0, length 2 !
Unknown message code 65793 on channel 0, length 2 !
Unknown message code 65792 on channel 0, length 2 !
Unknown message code 65793 on channel 0, length 2 !
Unknown message code 65792 on channel 0, length 2 !
Unknown message code 65793 on channel 0, length 2 !
Unknown message code 65792 on channel 0, length 2 !
Unknown message code 65793 on channel 0, length 2 !
Unknown message code 65792 on channel 0, length 2 !
Unknown message code 65793 on channel 0, length 2 !
Unknown message code 65792 on channel 0, length 2 !
Unknown message code 65793 on channel 0, length 2 !
Unknown message code 65792 on channel 0, length 2 !
Unknown message code 65793 on channel 0, length 2 !
Unknown message code 65792 on channel 0, length 2 !
Unknown message code 65793 on channel 0, length 2 !
Unknown message code 65792 on channel 0, length 2 !
Unknown message code 65793 on channel 0, length 2 !
Unknown message code 65792 on channel 0, length 2 !
Unknown message code 65793 on channel 0, length 2 !
Unknown message code 65792 on channel 0, length 2 !
Unknown message code 65793 on channel 0, length 2 !
Unknown message code 65792 on channel 0, length 2 !
Unknown message code 65793 on channel 0, length 2 !
Unknown message code 65792 on channel 0, length 2 !
Unknown message code 65793 on channel 0, length 2 !
Unknown message code 65792 on channel 0, length 2 !
Unknown message code 65793 on channel 0, length 2 !
Unknown message code 65792 on channel 0, length 2 !
Unknown message code 65793 on channel 0, length 2 !
Unknown message code 65792 on channel 0, length 2 !
Unknown message code 65793 on channel 0, length 2 !
Unknown message code 65792 on channel 0, length 2 !
Unknown message code 65793 on channel 0, length 2 !
Unknown message code 65792 on channel 0, length 2 !
Unknown message code 65793 on channel 0, length 2 !
Unknown message code 65792 on channel 0, length 2 !
Unknown message code 65793 on channel 0, length 2 !
Unknown message code 65792 on channel 0, length 2 !
Unknown message code 65793 on channel 0, length 2 !
Unknown message code 65792 on channel 0, length 2 !
Unknown message code 65793 on channel 0, length 2 !
Unknown message code 65792 on channel 0, length 2 !
Unknown message code 65793 on channel 0, length 2 !
Unknown message code 65792 on channel 0, length 2 !
Unknown message code 65793 on channel 0, length 2 !
Unknown message code 65792 on channel 0, length 2 !
Unknown message code 65793 on channel 0, length 2 !
Unknown message code 65792 on channel 0, length 2 !
Unknown message code 65793 on channel 0, length 2 !
Unknown message code 65792 on channel 0, length 2 !
Unknown message code 65793 on channel 0, length 2 !
Unknown message code 65792 on channel 0, length 2 !
Unknown message code 65793 on channel 0, length 2 !
Unknown message code 65792 on channel 0, length 2 !
Unknown message code 65793 on channel 0, length 2 !
Unknown message code 65792 on channel 0, length 2 !
Unknown message code 65793 on channel 0, length 2 !
Unknown message code 65792 on channel 0, length 2 !
Unknown message code 65793 on channel 0, length 2 !
Unknown message code 65792 on channel 0, length 2 !
Unknown message code 65793 on channel 0, length 2 !
Unknown message code 65792 on channel 0, length 2 !
Unknown message code 65793 on channel 0, length 2 !
Unknown message code 65792 on channel 0, length 2 !
Unknown message code 65793 on channel 0, length 2 !
Unknown message code 65792 on channel 0, length 2 !
Unknown message code 65793 on channel 0, length 2 !
Unknown message code 65792 on channel 0, length 2 !
Unknown message code 65793 on channel 0, length 2 !
Unknown message code 65792 on channel 0, length 2 !
Unknown message code 65793 on channel 0, length 2 !
Unknown message code 65792 on channel 0, length 2 !
Unknown message code 65793 on channel 0, length 2 !
Unknown message code 65792 on channel 0, length 2 !
Unknown message code 65793 on channel 0, length 2 !
Unknown message code 65792 on channel 0, length 2 !
Unknown message code 65793 on channel 0, length 2 !
Unknown message code 65792 on channel 0, length 2 !
Unknown message code 65793 on channel 0, length 2 !
Unknown message code 65792 on channel 0, length 2 !
Unknown message code 65793 on channel 0, length 2 !
Unknown message code 65792 on channel 0, length 2 !
Unknown message code 65793 on channel 0, length 2 !
Unknown message code 65792 on channel 0, length 2 !
Unknown message code 65793 on channel 0, length 2 !
Unknown message code 65792 on channel 0, length 2 !
Unknown message code 65793 on channel 0, length 2 !
Unknown message code 65792 on channel 0, length 2 !
Unknown message code 65793 on channel 0, length 2 !
Unknown message code 65792 on channel 0, length 2 !
Unknown message code 65793 on channel 0, length 2 !
Unknown message code 65792 on channel 0, length 2 !
Unknown message code 65793 on channel 0, length 2 !
Unknown message code 65792 on channel 0, length 2 !
Unknown message code 65793 on channel 0, length 2 !
Unknown message code 65792 on channel 0, length 2 !
Unknown message code 65793 on channel 0, length 2 !
Unknown message code 65792 on channel 0, length 2 !
Unknown message code 65793 on channel 0, length 2 !
Unknown message code 65792 on channel 0, length 2 !
Unknown message code 65793 on channel 0, length 2 !
Unknown message code 65792 on channel 0, length 2 !
Unknown message code 65793 on channel 0, length 2 !
Unknown message code 65792 on channel 0, length 2 !
Unknown message code 65793 on channel 0, length 2 !
Unknown message code 65792 on channel 0, length 2 !
Unknown message code 65793 on channel 0, length 2 !
Unknown message code 65792 on channel 0, length 2 !
Unknown message code 65793 on channel 0, length 2 !
Unknown message code 65792 on channel 0, length 2 !
Unknown message code 65793 on channel 0, length 2 !
Unknown message code 65792 on channel 0, length 2 !
Unknown message code 65793 on channel 0, length 2 !
Unknown message code 65792 on channel 0, length 2 !
Unknown message code 65793 on channel 0, length 2 !
Unknown message code 65792 on channel 0, length 2 !
Unknown message code 65793 on channel 0, length 2 !
Unknown message code 65792 on channel 0, length 2 !
Unknown message code 65793 on channel 0, length 2 !
Unknown message code 65792 on channel 0, length 2 !
Unknown message code 65793 on channel 0, length 2 !
Unknown message code 65792 on channel 0, length 2 !
Unknown message code 65793 on channel 0, length 2 !
Unknown message code 65792 on channel 0, length 2 !
Unknown message code 65793 on channel 0, length 2 !
Unknown message code 65792 on channel 0, length 2 !
Unknown message code 65793 on channel 0, length 2 !
Unknown message code 65792 on channel 0, length 2 !
Unknown message code 65793 on channel 0, length 2 !
Unknown message code 65792 on channel 0, length 2 !
Unknown message code 65793 on channel 0, length 2 !
Unknown message code 65792 on channel 0, length 2 !
Unknown message code 65793 on channel 0, length 2 !
Unknown message code 65792 on channel 0, length 2 !
Unknown message code 65793 on channel 0, length 2 !
Unknown message code 65792 on channel 0, length 2 !
Unknown message code 65793 on channel 0, length 2 !
Unknown message code 65792 on channel 0, length 2 !
Unknown message code 65793 on channel 0, length 2 !
Unknown message code 65792 on channel 0, length 2 !
Unknown message code 65793 on channel 0, length 2 !
Unknown message code 65792 on channel 0, length 2 !
Unknown message code 65793 on channel 0, length 2 !
Unknown message code 65792 on channel 0, length 2 !
Unknown message code 65793 on channel 0, length 2 !
Unknown message code 65792 on channel 0, length 2 !
Unknown message code 65793 on channel 0, length 2 !
Unknown message code 65792 on channel 0, length 2 !
Unknown message code 65793 on channel 0, length 2 !
Unknown message code 65792 on channel 0, length 2 !
Unknown message code 65793 on channel 0, length 2 !
Unknown message code 65792 on channel 0, length 2 !
Unknown message code 65793 on channel 0, length 2 !
Unknown message code 65792 on channel 0, length 2 !
Unknown message code 65793 on channel 0, length 2 !
Unknown message code 65792 on channel 0, length 2 !
Unknown message code 65793 on channel 0, length 2 !
Unknown message code 65792 on channel 0, length 2 !
Unknown message code 65793 on channel 0, length 2 !
Unknown message code 65792 on channel 0, length 2 !
Unknown message code 65793 on channel 0, length 2 !
Unknown message code 65792 on channel 0, length 2 !
Unknown message code 65793 on channel 0, length 2 !
Unknown message code 65792 on channel 0, length 2 !
Unknown message code 65793 on channel 0, length 2 !
Unknown message code 65792 on channel 0, length 2 !
Unknown message code 65793 on channel 0, length 2 !
Unknown message code 65792 on channel 0, length 2 !
Unknown message code 65793 on channel 0, length 2 !
Unknown message code 65792 on channel 0, length 2 !
Unknown message code 65793 on channel 0, length 2 !
Unknown message code 65792 on channel 0, length 2 !
Unknown message code 65793 on channel 0, length 2 !
Unknown message code 65792 on channel 0, length 2 !
Unknown message code 65793 on channel 0, length 2 !
Unknown message code 65792 on channel 0, length 2 !
Unknown message code 65793 on channel 0, length 2 !
Unknown message code 65792 on channel 0, length 2 !
Unknown message code 65793 on channel 0, length 2 !
Unknown message code 65792 on channel 0, length 2 !
Unknown message code 65793 on channel 0, length 2 !
Unknown message code 65792 on channel 0, length 2 !
Unknown message code 65793 on channel 0, length 2 !
Unknown message code 65792 on channel 0, length 2 !
Unknown message code 65793 on channel 0, length 2 !
Unknown message code 65792 on channel 0, length 2 !
Unknown message code 65793 on channel 0, length 2 !
Unknown message code 65792 on channel 0, length 2 !
Unknown message code 65793 on channel 0, length 2 !
Unknown message code 65792 on channel 0, length 2 !
Unknown message code 65793 on channel 0, length 2 !
Unknown message code 65792 on channel 0, length 2 !
Unknown message code 65793 on channel 0, length 2 !
Unknown message code 65792 on channel 0, length 2 !
Unknown message code 65793 on channel 0, length 2 !
Unknown message code 65792 on channel 0, length 2 !
Unknown message code 65793 on channel 0, length 2 !
Unknown message code 65792 on channel 0, length 2 !
Unknown message code 65793 on channel 0, length 2 !
Unknown message code 65792 on channel 0, length 2 !
Unknown message code 65793 on channel 0, length 2 !
Unknown message code 65792 on channel 0, length 2 !
Unknown message code 65793 on channel 0, length 2 !
Unknown message code 65792 on channel 0, length 2 !
Unknown message code 65793 on channel 0, length 2 !
Unknown message code 65792 on channel 0, length 2 !
Unknown message code 65793 on channel 0, length 2 !
Unknown message code 65792 on channel 0, length 2 !
Unknown message code 65793 on channel 0, length 2 !
Unknown message code 65792 on channel 0, length 2 !
Unknown message code 65793 on channel 0, length 2 !
Unknown message code 65792 on channel 0, length 2 !
Unknown message code 65793 on channel 0, length 2 !
Unknown message code 65792 on channel 0, length 2 !
Unknown message code 65793 on channel 0, length 2 !
Unknown message code 65792 on channel 0, length 2 !
Unknown message code 65793 on channel 0, length 2 !
Unknown message code 65792 on channel 0, length 2 !
Unknown message code 65536 on channel 0, length 1 !
 
 Starting scr028_2.apm
 
Writing scr028_2_Energy.fd. Please wait.
Loading 1 blocks.
Error in ==> C:\MATLAB6p5\work\mclust\mclust-3.3\mclust\loadingengines\LoadSE_APM2.m
On line 235  ==>                             wv(kr,1,:)=trials(n).channels(channel).spikes(j).waveform(wfstart:wfend);

Error in ==> C:\MATLAB6p5\work\mclust\mclust-3.3\mclust\MClust_LoadNeuralData.m
On line 67  ==>         [T,WV] = feval(LoadingEngine, fn, records_to_get, key);          

Error in ==> C:\MATLAB6p5\work\mclust\mclust-3.3\mclust\Write_fd_file.m
On line 115  ==>     [block_t,wv] = MClust_LoadNeuralData(TT_file_name,[starts(block) ends(block)],4);

Error in ==> C:\MATLAB6p5\work\MClust\KK\RunClustBatch.m
On line 131  ==>                     Write_fd_file(fullfile(fpath,[fname '_' TotalFeatures{iFD} '.fd']), CurrTTfile, TotalFeatures(iFD), Ch_Validity, record_block_size, template_matching)

which apmreaduserdata
C:\MATLAB6p5\work\inuse\APMReadUserData.m
fschange('C:\MATLAB6p5\work\MClust\MClust-3.3\MClust\LoadingEngines\LoadSE_APM2.m');
clear loadse_apm2
RunClustBatch
