#
# A fatal error has been detected by the Java Runtime Environment:
#
#  EXCEPTION_ACCESS_VIOLATION (0xc0000005) at pc=0x000000003076bf7a, pid=6272, tid=13152
#
# JRE version: 7.0_11-b21
# Java VM: Java HotSpot(TM) 64-Bit Server VM (23.6-b04 mixed mode windows-amd64 compressed oops)
# Problematic frame:
# v  ~BufferBlob::jni_fast_GetLongField
#
# Failed to write core dump. Minidumps are not enabled by default on client versions of Windows
#
# If you would like to submit a bug report, please visit:
#   http://bugreport.sun.com/bugreport/crash.jsp
# The crash happened outside the Java Virtual Machine in native code.
# See problematic frame for where to report the bug.
#

---------------  T H R E A D  ---------------

Current thread (0x000000005a8ff000):  JavaThread "AWT-EventQueue-0" [_thread_in_native, id=13152, stack(0x000000008fff0000,0x0000000093ff0000)]

siginfo: ExceptionCode=0xc0000005, reading address 0x0000000000000000

Registers:
RAX=0x000000005bc9ab90, RBX=0x000000005a8ff1d8, RCX=0x000000005a8ff1d8, RDX=0x0000000000000000
RSP=0x0000000093fec4c8, RBP=0x0000000093fec600, RSI=0x0000000093fec8c0, RDI=0x000000005a8ff1d8
R8 =0x0000000000000042, R9 =0x0000000000000000, R10=0x000000000000060a, R11=0x000000005b802070
R12=0x0000000000000000, R13=0x0000000000000000, R14=0x0000000000000000, R15=0x000000005a8ff000
RIP=0x000000003076bf7a, EFLAGS=0x0000000000010246

Top of Stack: (sp=0x0000000093fec4c8)
0x0000000093fec4c8:   000000005b4115ed 0000000093fec8e0
0x0000000093fec4d8:   0000000093fec778 0000000059e38200
0x0000000093fec4e8:   000000005b7f6022 0000000093fec8c8
0x0000000093fec4f8:   000000005b41aeeb 000000005a8ff1d8
0x0000000093fec508:   000000005a58ed10 000000005a58ed10
0x0000000093fec518:   000000005b7f0b05 000000005a8ff000
0x0000000093fec528:   000000002ea9c1f0 000000003071f1d8
0x0000000093fec538:   0000000093fec5a0 0000000000000007
0x0000000093fec548:   000000005b800276 000000005a8ff000
0x0000000093fec558:   000000003071f1d8 0000000093fec8d0
0x0000000093fec568:   0000000093fec8d8 0000000000000000
0x0000000093fec578:   00000000c362cb90 000000005a8ff1d8
0x0000000093fec588:   00000000c323b620 000000120000062d
0x0000000093fec598:   000000190000063f 000000120000062d
0x0000000093fec5a8:   000000190000063f 00000000fccba370
0x0000000093fec5b8:   0000000400000000 0000000000001e00 

Instructions: (pc=0x000000003076bf7a)
0x000000003076bf5a:   00 00 00 00 00 00 44 8b 15 51 0b 58 2b 4c 8b ca
0x000000003076bf6a:   41 f6 c2 01 0f 85 2e 00 00 00 4d 33 ca 4d 33 ca
0x000000003076bf7a:   4d 8b 09 4d 8b d8 49 c1 eb 02 4b 8b 04 19 49 bb
0x000000003076bf8a:   b8 ca ce 5b 00 00 00 00 4c 33 d8 4c 33 d8 45 3b 


Register to memory mapping:

RAX=0x000000005bc9ab90 is an unknown value
RBX=0x000000005a8ff1d8 is an unknown value
RCX=0x000000005a8ff1d8 is an unknown value
RDX=0x0000000000000000 is an unknown value
RSP=0x0000000093fec4c8 is pointing into the stack for thread: 0x000000005a8ff000
RBP=0x0000000093fec600 is pointing into the stack for thread: 0x000000005a8ff000
RSI=0x0000000093fec8c0 is pointing into the stack for thread: 0x000000005a8ff000
RDI=0x000000005a8ff1d8 is an unknown value
R8 =0x0000000000000042 is an unknown value
R9 =0x0000000000000000 is an unknown value
R10=0x000000000000060a is an unknown value
R11=0x000000005b802070 is an unknown value
R12=0x0000000000000000 is an unknown value
R13=0x0000000000000000 is an unknown value
R14=0x0000000000000000 is an unknown value
R15=0x000000005a8ff000 is a thread


Stack: [0x000000008fff0000,0x0000000093ff0000],  sp=0x0000000093fec4c8,  free space=65521k
Native frames: (J=compiled Java code, j=interpreted, Vv=VM code, C=native code)
v  ~BufferBlob::jni_fast_GetLongField

Java frames: (J=compiled Java code, j=interpreted, Vv=VM code)
j  sun.java2d.loops.MaskBlit.MaskBlit(Lsun/java2d/SurfaceData;Lsun/java2d/SurfaceData;Ljava/awt/Composite;Lsun/java2d/pipe/Region;IIIIII[BII)V+0
j  sun.java2d.loops.Blit$GeneralMaskBlit.Blit(Lsun/java2d/SurfaceData;Lsun/java2d/SurfaceData;Ljava/awt/Composite;Lsun/java2d/pipe/Region;IIIIII)V+24
j  sun.java2d.pipe.DrawImage.blitSurfaceData(Lsun/java2d/SunGraphics2D;Lsun/java2d/pipe/Region;Lsun/java2d/SurfaceData;Lsun/java2d/SurfaceData;Lsun/java2d/loops/SurfaceType;Lsun/java2d/loops/SurfaceType;IIIIIILjava/awt/Color;)V+97
j  sun.java2d.pipe.DrawImage.renderImageCopy(Lsun/java2d/SunGraphics2D;Ljava/awt/Image;Ljava/awt/Color;IIIIII)Z+77
j  sun.java2d.pipe.DrawImage.copyImage(Lsun/java2d/SunGraphics2D;Ljava/awt/Image;IILjava/awt/Color;)Z+45
j  sun.java2d.pipe.DrawImage.copyImage(Lsun/java2d/SunGraphics2D;Ljava/awt/Image;IILjava/awt/Color;Ljava/awt/image/ImageObserver;)Z+15
j  sun.java2d.SunGraphics2D.drawImage(Ljava/awt/Image;IILjava/awt/Color;Ljava/awt/image/ImageObserver;)Z+18
j  sun.awt.image.ImageRepresentation.drawToBufImage(Ljava/awt/Graphics;Lsun/awt/image/ToolkitImage;IILjava/awt/Color;Ljava/awt/image/ImageObserver;)Z+152
j  sun.java2d.pipe.DrawImage.copyImage(Lsun/java2d/SunGraphics2D;Ljava/awt/Image;IILjava/awt/Color;Ljava/awt/image/ImageObserver;)Z+56
j  sun.java2d.pipe.ValidatePipe.copyImage(Lsun/java2d/SunGraphics2D;Ljava/awt/Image;IILjava/awt/Color;Ljava/awt/image/ImageObserver;)Z+21
j  sun.java2d.SunGraphics2D.drawImage(Ljava/awt/Image;IILjava/awt/Color;Ljava/awt/image/ImageObserver;)Z+18
j  sun.java2d.SunGraphics2D.drawImage(Ljava/awt/Image;IILjava/awt/image/ImageObserver;)Z+7
j  javax.swing.ImageIcon.paintIcon(Ljava/awt/Component;Ljava/awt/Graphics;II)V+16
j  com.mathworks.toolstrip.plaf.ToolstripButtonUI.drawIconWithShadow(Ljava/awt/Graphics2D;Ljavax/swing/AbstractButton;Ljavax/swing/Icon;II)V+58
j  com.mathworks.toolstrip.plaf.RegularButtonUI.paintContent(Ljava/awt/Graphics2D;Ljavax/swing/AbstractButton;Ljava/awt/Rectangle;Z)V+315
j  com.mathworks.toolstrip.plaf.RegularButtonUI.paintContent(Ljava/awt/Graphics2D;Ljavax/swing/AbstractButton;Ljava/awt/Rectangle;)V+5
j  com.mathworks.toolstrip.plaf.ToolstripButtonUI.paint(Ljava/awt/Graphics;Ljavax/swing/JComponent;)V+157
j  javax.swing.plaf.ComponentUI.update(Ljava/awt/Graphics;Ljavax/swing/JComponent;)V+32
j  javax.swing.JComponent.paintComponent(Ljava/awt/Graphics;)V+26
j  com.mathworks.mwswing.MJButton.paintComponent(Ljava/awt/Graphics;)V+42
j  javax.swing.JComponent.paint(Ljava/awt/Graphics;)V+286
j  com.mathworks.mwswing.MJButton.paint(Ljava/awt/Graphics;)V+7
j  javax.swing.JComponent.paintChildren(Ljava/awt/Graphics;)V+501
j  javax.swing.JComponent.paint(Ljava/awt/Graphics;)V+318
j  javax.swing.JComponent.paintChildren(Ljava/awt/Graphics;)V+501
j  javax.swing.JComponent.paint(Ljava/awt/Graphics;)V+318
j  javax.swing.JComponent.paintChildren(Ljava/awt/Graphics;)V+501
j  javax.swing.JComponent.paint(Ljava/awt/Graphics;)V+318
j  javax.swing.JComponent.paintChildren(Ljava/awt/Graphics;)V+501
j  javax.swing.JComponent.paint(Ljava/awt/Graphics;)V+318
j  javax.swing.JComponent.paintChildren(Ljava/awt/Graphics;)V+501
j  javax.swing.JComponent.paint(Ljava/awt/Graphics;)V+318
j  javax.swing.JComponent.paintChildren(Ljava/awt/Graphics;)V+501
j  javax.swing.JComponent.paint(Ljava/awt/Graphics;)V+318
j  javax.swing.JComponent.paintChildren(Ljava/awt/Graphics;)V+501
j  javax.swing.JComponent.paint(Ljava/awt/Graphics;)V+318
j  javax.swing.JLayeredPane.paint(Ljava/awt/Graphics;)V+73
j  javax.swing.JComponent.paintChildren(Ljava/awt/Graphics;)V+501
j  javax.swing.JComponent.paintToOffscreen(Ljava/awt/Graphics;IIIIII)V+72
j  javax.swing.RepaintManager$PaintManager.paintDoubleBuffered(Ljavax/swing/JComponent;Ljava/awt/Image;Ljava/awt/Graphics;IIII)V+105
j  javax.swing.RepaintManager$PaintManager.paint(Ljavax/swing/JComponent;Ljavax/swing/JComponent;Ljava/awt/Graphics;IIII)Z+116
j  javax.swing.RepaintManager.paint(Ljavax/swing/JComponent;Ljavax/swing/JComponent;Ljava/awt/Graphics;IIII)V+52
j  javax.swing.JComponent.paint(Ljava/awt/Graphics;)V+221
j  java.awt.GraphicsCallback$PaintCallback.run(Ljava/awt/Component;Ljava/awt/Graphics;)V+2
j  sun.awt.SunGraphicsCallback.runOneComponent(Ljava/awt/Component;Ljava/awt/Rectangle;Ljava/awt/Graphics;Ljava/awt/Shape;I)V+155
j  sun.awt.SunGraphicsCallback.runComponents([Ljava/awt/Component;Ljava/awt/Graphics;I)V+194
j  java.awt.Container.paint(Ljava/awt/Graphics;)V+58
j  java.awt.Window.paint(Ljava/awt/Graphics;)V+68
j  javax.swing.RepaintManager.paintDirtyRegions(Ljava/util/Map;)V+239
j  javax.swing.RepaintManager.paintDirtyRegions()V+46
j  javax.swing.RepaintManager.prePaintDirtyRegions()V+73
j  javax.swing.RepaintManager.access$700(Ljavax/swing/RepaintManager;)V+1
j  javax.swing.RepaintManager$ProcessingRunnable.run()V+37
j  java.awt.event.InvocationEvent.dispatch()V+47
j  java.awt.EventQueue.dispatchEventImpl(Ljava/awt/AWTEvent;Ljava/lang/Object;)V+21
j  java.awt.EventQueue.access$200(Ljava/awt/EventQueue;Ljava/awt/AWTEvent;Ljava/lang/Object;)V+3
j  java.awt.EventQueue$3.run()Ljava/lang/Void;+12
j  java.awt.EventQueue$3.run()Ljava/lang/Object;+1
v  ~StubRoutines::call_stub
j  java.security.AccessController.doPrivileged(Ljava/security/PrivilegedAction;Ljava/security/AccessControlContext;)Ljava/lang/Object;+0
j  java.security.ProtectionDomain$1.doIntersectionPrivilege(Ljava/security/PrivilegedAction;Ljava/security/AccessControlContext;Ljava/security/AccessControlContext;)Ljava/lang/Object;+28
j  java.awt.EventQueue.dispatchEvent(Ljava/awt/AWTEvent;)V+46
j  java.awt.EventDispatchThread.pumpOneEventForFilters(I)V+245
j  java.awt.EventDispatchThread.pumpEventsForFilter(ILjava/awt/Conditional;Ljava/awt/EventFilter;)V+35
j  java.awt.EventDispatchThread.pumpEventsForHierarchy(ILjava/awt/Conditional;Ljava/awt/Component;)V+11
j  java.awt.EventDispatchThread.pumpEvents(ILjava/awt/Conditional;)V+4
j  java.awt.EventDispatchThread.pumpEvents(Ljava/awt/Conditional;)V+3
j  java.awt.EventDispatchThread.run()V+9
v  ~StubRoutines::call_stub

---------------  P R O C E S S  ---------------

Java Threads: ( => current thread )
  0x0000000065d59800 JavaThread "Unnamed RequestAggregator Timer" daemon [_thread_blocked, id=8832, stack(0x0000000114fd0000,0x0000000118fd0000)]
  0x0000000065d5f800 JavaThread "ProductInfoListener" daemon [_thread_in_native, id=9488, stack(0x0000000110000000,0x0000000114000000)]
  0x0000000065d5a800 JavaThread "Code Analyzer updating thread" [_thread_blocked, id=11684, stack(0x0000000104000000,0x0000000108000000)]
  0x0000000065d60800 JavaThread "Code Analyzer updating thread" [_thread_blocked, id=12332, stack(0x0000000100000000,0x0000000104000000)]
  0x0000000065d5e000 JavaThread "Code Analyzer updating thread" [_thread_blocked, id=11932, stack(0x00000000dbf30000,0x00000000dff30000)]
  0x0000000065d58000 JavaThread "Active Reference Queue Daemon" daemon [_thread_blocked, id=12544, stack(0x00000000d7f30000,0x00000000dbf30000)]
  0x0000000065d56800 JavaThread "Timer-1" daemon [_thread_blocked, id=8092, stack(0x00000000d3f30000,0x00000000d7f30000)]
  0x0000000065d56000 JavaThread "ClipboardMonitor Timer" daemon [_thread_blocked, id=12372, stack(0x00000000cff30000,0x00000000d3f30000)]
  0x0000000065d59000 JavaThread "Explorer NavigationContext request queue" daemon [_thread_blocked, id=6760, stack(0x00000000cbf30000,0x00000000cff30000)]
  0x0000000065d5c800 JavaThread "Unnamed RequestAggregator Timer" daemon [_thread_blocked, id=9812, stack(0x00000000c7f30000,0x00000000cbf30000)]
  0x0000000065d57800 JavaThread "AddressBar directory emptiness poller" daemon [_thread_blocked, id=1232, stack(0x00000000c3f30000,0x00000000c7f30000)]
  0x0000000065d55000 JavaThread "Explorer Refresh Service 1956341516" daemon [_thread_blocked, id=9600, stack(0x00000000bef60000,0x00000000c2f60000)]
  0x0000000065d5c000 JavaThread "Thread-4" daemon [_thread_blocked, id=7312, stack(0x00000000baf60000,0x00000000bef60000)]
  0x0000000065d5d800 JavaThread "Image Fetcher 3" daemon [_thread_blocked, id=12024, stack(0x00000000b3ff0000,0x00000000b7ff0000)]
  0x0000000065d64000 JavaThread "Image Fetcher 2" daemon [_thread_blocked, id=11032, stack(0x00000000afff0000,0x00000000b3ff0000)]
  0x0000000065d62800 JavaThread "Image Fetcher 1" daemon [_thread_blocked, id=10992, stack(0x00000000abff0000,0x00000000afff0000)]
  0x0000000065d5f000 JavaThread "TimerQueue" daemon [_thread_blocked, id=9144, stack(0x00000000a7ff0000,0x00000000abff0000)]
  0x000000005a8fe000 JavaThread "Thread-3" daemon [_thread_blocked, id=9280, stack(0x0000000093ff0000,0x0000000097ff0000)]
=>0x000000005a8ff000 JavaThread "AWT-EventQueue-0" [_thread_in_native, id=13152, stack(0x000000008fff0000,0x0000000093ff0000)]
  0x000000005a8ff800 JavaThread "AWT-Shutdown" [_thread_blocked, id=10508, stack(0x000000007fff0000,0x0000000083ff0000)]
  0x000000005a411000 JavaThread "FelixPackageAdmin" daemon [_thread_blocked, id=12376, stack(0x000000009fff0000,0x00000000a3ff0000)]
  0x000000005a1f3000 JavaThread "FelixStartLevel" daemon [_thread_blocked, id=13132, stack(0x000000009bff0000,0x000000009fff0000)]
  0x000000005a243000 JavaThread "FelixDispatchQueue" daemon [_thread_blocked, id=9948, stack(0x0000000097ff0000,0x000000009bff0000)]
  0x000000005a0fa800 JavaThread "com.google.common.base.internal.Finalizer" daemon [_thread_blocked, id=13160, stack(0x000000008bff0000,0x000000008fff0000)]
  0x000000005a08b000 JavaThread "Image Fetcher 0" daemon [_thread_blocked, id=4360, stack(0x0000000087ff0000,0x000000008bff0000)]
  0x0000000030219800 JavaThread "AWT-Windows" daemon [_thread_in_native, id=204, stack(0x0000000083ff0000,0x0000000087ff0000)]
  0x000000005a01f000 JavaThread "Java2D Disposer" daemon [_thread_blocked, id=6244, stack(0x000000007bf60000,0x000000007ff60000)]
  0x0000000059e63000 JavaThread "Timer-0" [_thread_blocked, id=12516, stack(0x0000000077f60000,0x000000007bf60000)]
  0x0000000059e59000 JavaThread "EventMgr Dispatcher" daemon [_thread_in_native, id=4568, stack(0x0000000073f60000,0x0000000077f60000)]
  0x0000000030169800 JavaThread "Service Thread" daemon [_thread_blocked, id=3220, stack(0x0000000061ba0000,0x0000000065ba0000)]
  0x0000000030150000 JavaThread "C2 CompilerThread1" daemon [_thread_blocked, id=8920, stack(0x000000005dba0000,0x0000000061ba0000)]
  0x000000003014e800 JavaThread "C2 CompilerThread0" daemon [_thread_in_native, id=11760, stack(0x0000000055ba0000,0x0000000059ba0000)]
  0x00000000300e7800 JavaThread "Attach Listener" daemon [_thread_blocked, id=6752, stack(0x0000000051ba0000,0x0000000055ba0000)]
  0x00000000300c7800 JavaThread "Finalizer" daemon [_thread_blocked, id=3432, stack(0x000000004dba0000,0x0000000051ba0000)]
  0x00000000300bd000 JavaThread "Reference Handler" daemon [_thread_blocked, id=5996, stack(0x0000000049ba0000,0x000000004dba0000)]
  0x000000002eabc800 JavaThread "main" [_thread_in_native, id=8568, stack(0x0000000000050000,0x0000000004050000)]

Other Threads:
  0x00000000300ba000 VMThread [stack: 0x0000000045ba0000,0x0000000049ba0000] [id=13256]
  0x00000000301ac000 WatcherThread [stack: 0x000000006ff60000,0x0000000073f60000] [id=13076]

VM state:not at safepoint (normal execution)

VM Mutex/Monitor currently owned by a thread: None

Heap
 PSYoungGen      total 90304K, used 1454K [0x00000000fa000000, 0x0000000100000000, 0x0000000100000000)
  eden space 82688K, 1% used [0x00000000fa000000,0x00000000fa16bad8,0x00000000ff0c0000)
  from space 7616K, 0% used [0x00000000ff0c0000,0x00000000ff0c0000,0x00000000ff830000)
  to   space 7552K, 0% used [0x00000000ff8a0000,0x00000000ff8a0000,0x0000000100000000)
 ParOldGen       total 72128K, used 39374K [0x00000000e8000000, 0x00000000ec670000, 0x00000000fa000000)
  object space 72128K, 54% used [0x00000000e8000000,0x00000000ea673b10,0x00000000ec670000)
 PSPermGen       total 95744K, used 47852K [0x00000000e0000000, 0x00000000e5d80000, 0x00000000e8000000)
  object space 95744K, 49% used [0x00000000e0000000,0x00000000e2ebb200,0x00000000e5d80000)

Card table byte_map: [0x000000002fd80000,0x000000002fe90000] byte_map_base: 0x000000002f680000

Polling page: 0x0000000016610000

Code Cache  [0x0000000030710000, 0x0000000030980000, 0x0000000033710000)
 total_blobs=1197 nmethods=580 adapters=565 free_code_cache=47188Kb largest_free_block=48283584

Compilation events (10 events):
Event: 13.738 Thread 0x0000000030150000  621             sun.awt.image.SunWritableRaster::markDirty (8 bytes)
Event: 13.738 Thread 0x0000000030150000 nmethod 621 0x000000003087a710 code [0x000000003087a840, 0x000000003087a898]
Event: 13.738 Thread 0x0000000030150000  622             java.awt.GradientPaintContext::clipFillRaster (150 bytes)
Event: 13.756 Thread 0x0000000030150000 nmethod 622 0x00000000308e7010 code [0x00000000308e71a0, 0x00000000308e79f8]
Event: 13.756 Thread 0x0000000030150000  623             java.util.regex.Pattern::next (33 bytes)
Event: 13.757 Thread 0x0000000030150000 nmethod 623 0x000000003087b490 code [0x000000003087b5e0, 0x000000003087b6a8]
Event: 13.772 Thread 0x0000000030150000  624             sun.awt.image.ImageWatched::newInfo (25 bytes)
Event: 13.775 Thread 0x0000000030150000 nmethod 624 0x000000003087c3d0 code [0x000000003087c540, 0x000000003087cc28]
Event: 13.782 Thread 0x0000000030150000  625             java.lang.Integer::getChars (131 bytes)
Event: 13.788 Thread 0x0000000030150000 nmethod 625 0x000000003087ba90 code [0x000000003087bbe0, 0x000000003087c138]

GC Heap History (10 events):
Event: 11.468 GC heap before
{Heap before GC invocations=18 (full 0):
 PSYoungGen      total 91520K, used 88675K [0x00000000fa000000, 0x00000000fff70000, 0x0000000100000000)
  eden space 85440K, 100% used [0x00000000fa000000,0x00000000ff370000,0x00000000ff370000)
  from space 6080K, 53% used [0x00000000ff370000,0x00000000ff698e78,0x00000000ff960000)
  to   space 5824K, 0% used [0x00000000ff9c0000,0x00000000ff9c0000,0x00000000fff70000)
 ParOldGen       total 49152K, used 24634K [0x00000000e8000000, 0x00000000eb000000, 0x00000000fa000000)
  object space 49152K, 50% used [0x00000000e8000000,0x00000000e980e920,0x00000000eb000000)
 PSPermGen       total 42560K, used 42507K [0x00000000e0000000, 0x00000000e2990000, 0x00000000e8000000)
  object space 42560K, 99% used [0x00000000e0000000,0x00000000e2982f40,0x00000000e2990000)
Event: 11.473 GC heap after
Heap after GC invocations=18 (full 0):
 PSYoungGen      total 92032K, used 3624K [0x00000000fa000000, 0x00000000fff80000, 0x0000000100000000)
  eden space 86208K, 0% used [0x00000000fa000000,0x00000000fa000000,0x00000000ff430000)
  from space 5824K, 62% used [0x00000000ff9c0000,0x00000000ffd4a0c8,0x00000000fff70000)
  to   space 5696K, 0% used [0x00000000ff430000,0x00000000ff430000,0x00000000ff9c0000)
 ParOldGen       total 49152K, used 25858K [0x00000000e8000000, 0x00000000eb000000, 0x00000000fa000000)
  object space 49152K, 52% used [0x00000000e8000000,0x00000000e9940940,0x00000000eb000000)
 PSPermGen       total 42560K, used 42507K [0x00000000e0000000, 0x00000000e2990000, 0x00000000e8000000)
  object space 42560K, 99% used [0x00000000e0000000,0x00000000e2982f40,0x00000000e2990000)
}
Event: 12.068 GC heap before
{Heap before GC invocations=19 (full 0):
 PSYoungGen      total 92032K, used 89832K [0x00000000fa000000, 0x00000000fff80000, 0x0000000100000000)
  eden space 86208K, 100% used [0x00000000fa000000,0x00000000ff430000,0x00000000ff430000)
  from space 5824K, 62% used [0x00000000ff9c0000,0x00000000ffd4a0c8,0x00000000fff70000)
  to   space 5696K, 0% used [0x00000000ff430000,0x00000000ff430000,0x00000000ff9c0000)
 ParOldGen       total 49152K, used 25858K [0x00000000e8000000, 0x00000000eb000000, 0x00000000fa000000)
  object space 49152K, 52% used [0x00000000e8000000,0x00000000e9940940,0x00000000eb000000)
 PSPermGen       total 45248K, used 45076K [0x00000000e0000000, 0x00000000e2c30000, 0x00000000e8000000)
  object space 45248K, 99% used [0x00000000e0000000,0x00000000e2c052d8,0x00000000e2c30000)
Event: 12.073 GC heap after
Heap after GC invocations=19 (full 0):
 PSYoungGen      total 91904K, used 3715K [0x00000000fa000000, 0x00000000fffa0000, 0x0000000100000000)
  eden space 86208K, 0% used [0x00000000fa000000,0x00000000fa000000,0x00000000ff430000)
  from space 5696K, 65% used [0x00000000ff430000,0x00000000ff7d0cc0,0x00000000ff9c0000)
  to   space 5568K, 0% used [0x00000000ffa30000,0x00000000ffa30000,0x00000000fffa0000)
 ParOldGen       total 49152K, used 27002K [0x00000000e8000000, 0x00000000eb000000, 0x00000000fa000000)
  object space 49152K, 54% used [0x00000000e8000000,0x00000000e9a5e980,0x00000000eb000000)
 PSPermGen       total 45248K, used 45076K [0x00000000e0000000, 0x00000000e2c30000, 0x00000000e8000000)
  object space 45248K, 99% used [0x00000000e0000000,0x00000000e2c052d8,0x00000000e2c30000)
}
Event: 13.236 GC heap before
{Heap before GC invocations=20 (full 0):
 PSYoungGen      total 91904K, used 89923K [0x00000000fa000000, 0x00000000fffa0000, 0x0000000100000000)
  eden space 86208K, 100% used [0x00000000fa000000,0x00000000ff430000,0x00000000ff430000)
  from space 5696K, 65% used [0x00000000ff430000,0x00000000ff7d0cc0,0x00000000ff9c0000)
  to   space 5568K, 0% used [0x00000000ffa30000,0x00000000ffa30000,0x00000000fffa0000)
 ParOldGen       total 49152K, used 27002K [0x00000000e8000000, 0x00000000eb000000, 0x00000000fa000000)
  object space 49152K, 54% used [0x00000000e8000000,0x00000000e9a5e980,0x00000000eb000000)
 PSPermGen       total 47552K, used 47394K [0x00000000e0000000, 0x00000000e2e70000, 0x00000000e8000000)
  object space 47552K, 99% used [0x00000000e0000000,0x00000000e2e48880,0x00000000e2e70000)
Event: 13.245 GC heap after
Heap after GC invocations=20 (full 0):
 PSYoungGen      total 88064K, used 5568K [0x00000000fa000000, 0x00000000fffa0000, 0x0000000100000000)
  eden space 82496K, 0% used [0x00000000fa000000,0x00000000fa000000,0x00000000ff090000)
  from space 5568K, 100% used [0x00000000ffa30000,0x00000000fffa0000,0x00000000fffa0000)
  to   space 7616K, 0% used [0x00000000ff0c0000,0x00000000ff0c0000,0x00000000ff830000)
 ParOldGen       total 49152K, used 30932K [0x00000000e8000000, 0x00000000eb000000, 0x00000000fa000000)
  object space 49152K, 62% used [0x00000000e8000000,0x00000000e9e353f0,0x00000000eb000000)
 PSPermGen       total 47552K, used 47394K [0x00000000e0000000, 0x00000000e2e70000, 0x00000000e8000000)
  object space 47552K, 99% used [0x00000000e0000000,0x00000000e2e48880,0x00000000e2e70000)
}
Event: 13.794 GC heap before
{Heap before GC invocations=21 (full 0):
 PSYoungGen      total 88064K, used 88064K [0x00000000fa000000, 0x00000000fffa0000, 0x0000000100000000)
  eden space 82496K, 100% used [0x00000000fa000000,0x00000000ff090000,0x00000000ff090000)
  from space 5568K, 100% used [0x00000000ffa30000,0x00000000fffa0000,0x00000000fffa0000)
  to   space 7616K, 0% used [0x00000000ff0c0000,0x00000000ff0c0000,0x00000000ff830000)
 ParOldGen       total 49152K, used 30932K [0x00000000e8000000, 0x00000000eb000000, 0x00000000fa000000)
  object space 49152K, 62% used [0x00000000e8000000,0x00000000e9e353f0,0x00000000eb000000)
 PSPermGen       total 47936K, used 47871K [0x00000000e0000000, 0x00000000e2ed0000, 0x00000000e8000000)
  object space 47936K, 99% used [0x00000000e0000000,0x00000000e2ebfd98,0x00000000e2ed0000)
Event: 13.807 GC heap after
Heap after GC invocations=21 (full 0):
 PSYoungGen      total 90304K, used 2432K [0x00000000fa000000, 0x0000000100000000, 0x0000000100000000)
  eden space 82688K, 0% used [0x00000000fa000000,0x00000000fa000000,0x00000000ff0c0000)
  from space 7616K, 31% used [0x00000000ff0c0000,0x00000000ff3200a0,0x00000000ff830000)
  to   space 7552K, 0% used [0x00000000ff8a0000,0x00000000ff8a0000,0x0000000100000000)
 ParOldGen       total 64512K, used 58941K [0x00000000e8000000, 0x00000000ebf00000, 0x00000000fa000000)
  object space 64512K, 91% used [0x00000000e8000000,0x00000000eb98f650,0x00000000ebf00000)
 PSPermGen       total 47936K, used 47871K [0x00000000e0000000, 0x00000000e2ed0000, 0x00000000e8000000)
  object space 47936K, 99% used [0x00000000e0000000,0x00000000e2ebfd98,0x00000000e2ed0000)
}
Event: 13.808 GC heap before
{Heap before GC invocations=22 (full 1):
 PSYoungGen      total 90304K, used 2432K [0x00000000fa000000, 0x0000000100000000, 0x0000000100000000)
  eden space 82688K, 0% used [0x00000000fa000000,0x00000000fa000000,0x00000000ff0c0000)
  from space 7616K, 31% used [0x00000000ff0c0000,0x00000000ff3200a0,0x00000000ff830000)
  to   space 7552K, 0% used [0x00000000ff8a0000,0x00000000ff8a0000,0x0000000100000000)
 ParOldGen       total 64512K, used 58941K [0x00000000e8000000, 0x00000000ebf00000, 0x00000000fa000000)
  object space 64512K, 91% used [0x00000000e8000000,0x00000000eb98f650,0x00000000ebf00000)
 PSPermGen       total 47936K, used 47871K [0x00000000e0000000, 0x00000000e2ed0000, 0x00000000e8000000)
  object space 47936K, 99% used [0x00000000e0000000,0x00000000e2ebfd98,0x00000000e2ed0000)
Event: 14.027 GC heap after
Heap after GC invocations=22 (full 1):
 PSYoungGen      total 90304K, used 0K [0x00000000fa000000, 0x0000000100000000, 0x0000000100000000)
  eden space 82688K, 0% used [0x00000000fa000000,0x00000000fa000000,0x00000000ff0c0000)
  from space 7616K, 0% used [0x00000000ff0c0000,0x00000000ff0c0000,0x00000000ff830000)
  to   space 7552K, 0% used [0x00000000ff8a0000,0x00000000ff8a0000,0x0000000100000000)
 ParOldGen       total 72128K, used 39374K [0x00000000e8000000, 0x00000000ec670000, 0x00000000fa000000)
  object space 72128K, 54% used [0x00000000e8000000,0x00000000ea673b10,0x00000000ec670000)
 PSPermGen       total 95744K, used 47852K [0x00000000e0000000, 0x00000000e5d80000, 0x00000000e8000000)
  object space 95744K, 49% used [0x00000000e0000000,0x00000000e2ebb020,0x00000000e5d80000)
}

Deoptimization events (10 events):
Event: 13.598 Thread 0x000000005a8ff000 Uncommon trap -58 fr.pc 0x0000000030877f30
Event: 13.629 Thread 0x000000005a08b000 Uncommon trap -34 fr.pc 0x0000000030813bfc
Event: 13.629 Thread 0x000000005a08b000 Uncommon trap -34 fr.pc 0x0000000030813bfc
Event: 13.629 Thread 0x000000005a08b000 Uncommon trap -34 fr.pc 0x0000000030813bfc
Event: 13.629 Thread 0x000000005a08b000 Uncommon trap -34 fr.pc 0x0000000030813bfc
Event: 13.656 Thread 0x000000005a8ff000 Uncommon trap -34 fr.pc 0x000000003088bcb8
Event: 13.656 Thread 0x000000005a8ff000 Uncommon trap -34 fr.pc 0x000000003088bcb8
Event: 13.656 Thread 0x000000005a8ff000 Uncommon trap -34 fr.pc 0x000000003088bcb8
Event: 13.656 Thread 0x000000005a8ff000 Uncommon trap -34 fr.pc 0x000000003088bcb8
Event: 13.746 Thread 0x0000000065d5f800 Uncommon trap -83 fr.pc 0x00000000308f9494

Internal exceptions (10 events):
Event: 13.720 Thread 0x0000000065d5f800 Threw 0x00000000fe3c3728 at C:\jdk7u1_64p\jdk7u11\hotspot\src\share\vm\prims\jvm.cpp:1166
Event: 13.720 Thread 0x0000000065d5f800 Threw 0x00000000fe3f0c08 at C:\jdk7u1_64p\jdk7u11\hotspot\src\share\vm\prims\jvm.cpp:1166
Event: 13.721 Thread 0x0000000065d5f800 Threw 0x00000000fe421de0 at C:\jdk7u1_64p\jdk7u11\hotspot\src\share\vm\prims\jvm.cpp:1166
Event: 13.722 Thread 0x0000000065d5f800 Threw 0x00000000fe4519d0 at C:\jdk7u1_64p\jdk7u11\hotspot\src\share\vm\prims\jvm.cpp:1166
Event: 13.755 Thread 0x0000000065d5f800 Threw 0x00000000fe9355b0 at C:\jdk7u1_64p\jdk7u11\hotspot\src\share\vm\prims\jvm.cpp:1166
Event: 13.756 Thread 0x0000000065d5f800 Threw 0x00000000fe961ce0 at C:\jdk7u1_64p\jdk7u11\hotspot\src\share\vm\prims\jvm.cpp:1166
Event: 13.757 Thread 0x0000000065d5f800 Threw 0x00000000fe985ed0 at C:\jdk7u1_64p\jdk7u11\hotspot\src\share\vm\prims\jvm.cpp:1166
Event: 13.758 Thread 0x0000000065d5f800 Threw 0x00000000fe9b33d8 at C:\jdk7u1_64p\jdk7u11\hotspot\src\share\vm\prims\jvm.cpp:1166
Event: 13.758 Thread 0x0000000065d5f800 Threw 0x00000000fe9e5360 at C:\jdk7u1_64p\jdk7u11\hotspot\src\share\vm\prims\jvm.cpp:1166
Event: 13.759 Thread 0x0000000065d5f800 Threw 0x00000000fea18c70 at C:\jdk7u1_64p\jdk7u11\hotspot\src\share\vm\prims\jvm.cpp:1166

Events (10 events):
Event: 13.757 loading class 0x000000005a2cea70
Event: 13.757 loading class 0x000000005a2cea70 done
Event: 13.758 loading class 0x00000000c31211c0
Event: 13.758 loading class 0x00000000c31211c0 done
Event: 13.760 Executing VM operation: RevokeBias
Event: 13.760 Executing VM operation: RevokeBias done
Event: 13.760 Executing VM operation: RevokeBias
Event: 13.760 Executing VM operation: RevokeBias done
Event: 13.794 Executing VM operation: ParallelGCFailedAllocation
Event: 14.027 Executing VM operation: ParallelGCFailedAllocation done


Dynamic libraries:
0x0000000140000000 - 0x0000000140029000 	C:\Program Files\MATLAB\R2013b\bin\win64\matlab.exe
0x00007ffacd540000 - 0x00007ffacd701000 	C:\WINDOWS\SYSTEM32\ntdll.dll
0x00007ffaccfa0000 - 0x00007ffacd04d000 	C:\WINDOWS\system32\KERNEL32.DLL
0x00007ffaca800000 - 0x00007ffaca9dd000 	C:\WINDOWS\system32\KERNELBASE.dll
0x000000006e4d0000 - 0x000000006e57d000 	C:\Program Files\MATLAB\R2013b\bin\win64\mcr.dll
0x000000006f060000 - 0x000000006f3dc000 	C:\Program Files\MATLAB\R2013b\bin\win64\libmwservices.dll
0x000000005da70000 - 0x000000005db08000 	C:\Program Files\MATLAB\R2013b\bin\win64\MSVCP100.dll
0x000000006ad70000 - 0x000000006aedf000 	C:\Program Files\MATLAB\R2013b\bin\win64\mvm.dll
0x000000005d640000 - 0x000000005d712000 	C:\Program Files\MATLAB\R2013b\bin\win64\MSVCR100.dll
0x00007ffacca90000 - 0x00007ffaccbde000 	C:\WINDOWS\system32\USER32.dll
0x00007ffacc900000 - 0x00007ffacca86000 	C:\WINDOWS\system32\GDI32.dll
0x00007ffacadf0000 - 0x00007ffacc312000 	C:\WINDOWS\system32\SHELL32.dll
0x00007ffacc7f0000 - 0x00007ffacc88d000 	C:\WINDOWS\system32\msvcrt.dll
0x00007ffaca1d0000 - 0x00007ffaca7f8000 	C:\WINDOWS\system32\windows.storage.dll
0x000000006fe80000 - 0x000000006ff56000 	C:\Program Files\MATLAB\R2013b\bin\win64\libmwi18n.dll
0x00007ffacd200000 - 0x00007ffacd47c000 	C:\WINDOWS\system32\combase.dll
0x00007ffacce50000 - 0x00007ffaccf76000 	C:\WINDOWS\system32\RPCRT4.dll
0x00007ffaccbe0000 - 0x00007ffaccc86000 	C:\WINDOWS\system32\advapi32.dll
0x00007ffacc400000 - 0x00007ffacc45b000 	C:\WINDOWS\system32\sechost.dll
0x00007ffacc890000 - 0x00007ffacc8e1000 	C:\WINDOWS\system32\shlwapi.dll
0x00007ffac9fc0000 - 0x00007ffac9fcf000 	C:\WINDOWS\system32\kernel.appcore.dll
0x00007ffaca0c0000 - 0x00007ffaca173000 	C:\WINDOWS\system32\shcore.dll
0x00007ffac9f70000 - 0x00007ffac9fba000 	C:\WINDOWS\system32\powrprof.dll
0x00007ffac9fd0000 - 0x00007ffac9fe3000 	C:\WINDOWS\system32\profapi.dll
0x00007ffacc6a0000 - 0x00007ffacc7e1000 	C:\WINDOWS\system32\ole32.dll
0x000000006e110000 - 0x000000006e4d0000 	C:\Program Files\MATLAB\R2013b\bin\win64\iqm.dll
0x000000006c710000 - 0x000000006c73f000 	C:\Program Files\MATLAB\R2013b\bin\win64\libmwbridge.dll
0x00007ffacad10000 - 0x00007ffacade7000 	C:\WINDOWS\system32\COMDLG32.dll
0x00007ffacc390000 - 0x00007ffacc3f9000 	C:\WINDOWS\system32\WS2_32.dll
0x00007ffacc460000 - 0x00007ffacc468000 	C:\WINDOWS\system32\NSI.dll
0x00007ffacd480000 - 0x00007ffacd53e000 	C:\WINDOWS\system32\OLEAUT32.dll
0x0000000010260000 - 0x000000001031b000 	C:\Program Files\MATLAB\R2013b\bin\win64\libut.dll
0x00007ffaccf80000 - 0x00007ffaccf9c000 	C:\WINDOWS\system32\imagehlp.dll
0x000000006f960000 - 0x000000006fb07000 	C:\Program Files\MATLAB\R2013b\bin\win64\libmwfl.dll
0x0000000010320000 - 0x000000001041b000 	C:\Program Files\MATLAB\R2013b\bin\win64\libmx.dll
0x000000006d760000 - 0x000000006d784000 	C:\Program Files\MATLAB\R2013b\bin\win64\libmex.dll
0x00007ffacad00000 - 0x00007ffacad08000 	C:\WINDOWS\system32\PSAPI.DLL
0x000000006eeb0000 - 0x000000006eef7000 	C:\Program Files\MATLAB\R2013b\bin\win64\mpath.dll
0x0000000010690000 - 0x0000000010cb8000 	C:\Program Files\MATLAB\R2013b\bin\win64\mlutil.dll
0x0000000180000000 - 0x00000001800c2000 	C:\Program Files\MATLAB\R2013b\bin\win64\m_dispatcher.dll
0x0000000010420000 - 0x0000000010682000 	C:\Program Files\MATLAB\R2013b\bin\win64\mcos.dll
0x000000006c500000 - 0x000000006c651000 	C:\Program Files\MATLAB\R2013b\bin\win64\libmwgui.dll
0x000000006bac0000 - 0x000000006c426000 	C:\Program Files\MATLAB\R2013b\bin\win64\hg.dll
0x000000006b3a0000 - 0x000000006b4b2000 	C:\Program Files\MATLAB\R2013b\bin\win64\hgutils.dll
0x0000000010cc0000 - 0x00000000114bb000 	C:\Program Files\MATLAB\R2013b\bin\win64\m_interpreter.dll
0x000000006b780000 - 0x000000006b848000 	C:\Program Files\MATLAB\R2013b\bin\win64\jmi.dll
0x000000006b2f0000 - 0x000000006b39e000 	C:\Program Files\MATLAB\R2013b\bin\win64\udd_mi.dll
0x00000000114c0000 - 0x00000000118cf000 	C:\Program Files\MATLAB\R2013b\bin\win64\libmwMATLAB_res.dll
0x000000006afc0000 - 0x000000006b28f000 	C:\Program Files\MATLAB\R2013b\bin\win64\uiw.dll
0x000000006af50000 - 0x000000006af6d000 	C:\Program Files\MATLAB\R2013b\bin\win64\mwoles05.DLL
0x000000006aee0000 - 0x000000006af4c000 	C:\Program Files\MATLAB\R2013b\bin\win64\comcli.dll
0x0000000000020000 - 0x000000000002c000 	C:\Program Files\MATLAB\R2013b\bin\win64\mlautoregister.dll
0x000000005db90000 - 0x000000005db9e000 	C:\Program Files\MATLAB\R2013b\bin\win64\boost_date_time-vc100-mt-1_49.dll
0x000000005db60000 - 0x000000005db8c000 	C:\Program Files\MATLAB\R2013b\bin\win64\boost_filesystem-vc100-mt-1_49.dll
0x000000005db50000 - 0x000000005db60000 	C:\Program Files\MATLAB\R2013b\bin\win64\boost_iostreams-vc100-mt-1_49.dll
0x000000005db40000 - 0x000000005db49000 	C:\Program Files\MATLAB\R2013b\bin\win64\boost_system-vc100-mt-1_49.dll
0x000000005db20000 - 0x000000005db31000 	C:\Program Files\MATLAB\R2013b\bin\win64\boost_thread-vc100-mt-1_49.dll
0x00007ffaafa40000 - 0x00007ffaafa73000 	C:\Program Files\MATLAB\R2013b\bin\win64\tbb.dll
0x000000005d0a0000 - 0x000000005d0e6000 	C:\Program Files\MATLAB\R2013b\bin\win64\boost_serialization-vc100-mt-1_49.dll
0x000000006ef00000 - 0x000000006ef4e000 	C:\Program Files\MATLAB\R2013b\bin\win64\libmwregexp.dll
0x000000006e5f0000 - 0x000000006e613000 	C:\Program Files\MATLAB\R2013b\bin\win64\libmwMATLAB_settings_res.dll
0x000000006e580000 - 0x000000006e586000 	C:\Program Files\MATLAB\R2013b\bin\win64\libmwnativedisplay.dll
0x00000000685f0000 - 0x000000006863d000 	C:\Program Files\MATLAB\R2013b\bin\win64\opccore.dll
0x00000000684f0000 - 0x00000000685c6000 	C:\Program Files\MATLAB\R2013b\bin\win64\opcmodel.dll
0x00000000684c0000 - 0x00000000684ed000 	C:\Program Files\MATLAB\R2013b\bin\win64\opczippackage.dll
0x0000000068340000 - 0x00000000683a6000 	C:\Program Files\MATLAB\R2013b\bin\win64\opcmwservices.dll
0x000000005c780000 - 0x000000005c80c000 	C:\Program Files\MATLAB\R2013b\bin\win64\boost_log-vc100-mt-1_49.dll
0x00007ffabafb0000 - 0x00007ffabb05a000 	C:\WINDOWS\WinSxS\amd64_microsoft.windows.common-controls_6595b64144ccf1df_5.82.10240.16384_none_0212ec7eba871e86\COMCTL32.dll
0x00007ffac11c0000 - 0x00007ffac11d7000 	C:\WINDOWS\SYSTEM32\NETAPI32.dll
0x000000005c810000 - 0x000000005ca51000 	C:\Program Files\MATLAB\R2013b\bin\win64\xerces-c_2_7.dll
0x000000006fe70000 - 0x000000006fe7d000 	C:\Program Files\MATLAB\R2013b\bin\win64\libmwresource_core.dll
0x000000005d070000 - 0x000000005d095000 	C:\Program Files\MATLAB\R2013b\bin\win64\LIBEXPAT.dll
0x000000005c5f0000 - 0x000000005c77a000 	C:\Program Files\MATLAB\R2013b\bin\win64\icuin49.dll
0x000000005c4b0000 - 0x000000005c5ee000 	C:\Program Files\MATLAB\R2013b\bin\win64\icuuc49.dll
0x000000005da60000 - 0x000000005da70000 	C:\Program Files\MATLAB\R2013b\bin\win64\icuio49.dll
0x0000000011920000 - 0x00000000119d6000 	C:\Program Files\MATLAB\R2013b\bin\win64\udd.dll
0x00007ffaad260000 - 0x00007ffaad288000 	C:\Program Files\MATLAB\R2013b\bin\win64\tbbmalloc.dll
0x000000005d050000 - 0x000000005d067000 	C:\Program Files\MATLAB\R2013b\bin\win64\zlib1.dll
0x000000005c3b0000 - 0x000000005c48f000 	C:\Program Files\MATLAB\R2013b\bin\win64\boost_regex-vc100-mt-1_49.dll
0x000000005c490000 - 0x000000005c4a1000 	C:\Program Files\MATLAB\R2013b\bin\win64\boost_signals-vc100-mt-1_49.dll
0x000000006e870000 - 0x000000006e8e7000 	C:\Program Files\MATLAB\R2013b\bin\win64\xmlcore.dll
0x000000006c4d0000 - 0x000000006c4f8000 	C:\Program Files\MATLAB\R2013b\bin\win64\graphics_util.dll
0x00000000119e0000 - 0x0000000011be5000 	C:\Program Files\MATLAB\R2013b\bin\win64\hgdatatypes.dll
0x000000006b770000 - 0x000000006b77e000 	C:\Program Files\MATLAB\R2013b\bin\win64\nativejava_services.dll
0x000000006ba60000 - 0x000000006babd000 	C:\Program Files\MATLAB\R2013b\bin\win64\libmat.dll
0x0000000011bf0000 - 0x0000000011c32000 	C:\Program Files\MATLAB\R2013b\bin\win64\libmwhardcopy.dll
0x000000006b6d0000 - 0x000000006b72e000 	C:\Program Files\MATLAB\R2013b\bin\win64\libuij.dll
0x000000006ced0000 - 0x000000006cf4f000 	C:\Program Files\MATLAB\R2013b\bin\win64\libmwlapack.dll
0x000000006b2b0000 - 0x000000006b2e6000 	C:\Program Files\MATLAB\R2013b\bin\win64\libmwgbtutils.dll
0x000000006b290000 - 0x000000006b2a3000 	C:\Program Files\MATLAB\R2013b\bin\win64\libmwgbt.dll
0x000000005be50000 - 0x000000005c3ad000 	C:\Program Files\MATLAB\R2013b\bin\win64\mfc100.dll
0x00007ffab2480000 - 0x00007ffab2504000 	C:\WINDOWS\SYSTEM32\WINSPOOL.DRV
0x000000006d6e0000 - 0x000000006d75b000 	C:\Program Files\MATLAB\R2013b\bin\win64\profiler.dll
0x000000006d450000 - 0x000000006d5c8000 	C:\Program Files\MATLAB\R2013b\bin\win64\libmwmathutil.dll
0x000000006d420000 - 0x000000006d447000 	C:\Program Files\MATLAB\R2013b\bin\win64\libmwmathrng.dll
0x000000006ceb0000 - 0x000000006ced0000 	C:\Program Files\MATLAB\R2013b\bin\win64\m_pcodeio.dll
0x000000006ce50000 - 0x000000006ceac000 	C:\Program Files\MATLAB\R2013b\bin\win64\m_ir.dll
0x0000000011c40000 - 0x00000000122f5000 	C:\Program Files\MATLAB\R2013b\bin\win64\m_parser.dll
0x000000006c740000 - 0x000000006c768000 	C:\Program Files\MATLAB\R2013b\bin\win64\m_pcodegen.dll
0x000000006d2b0000 - 0x000000006d313000 	C:\Program Files\MATLAB\R2013b\bin\win64\libmwspmatrix.dll
0x00007ffaa2950000 - 0x00007ffaa2ada000 	C:\WINDOWS\SYSTEM32\dbghelp.dll
0x000000005be20000 - 0x000000005be4b000 	C:\Program Files\MATLAB\R2013b\bin\win64\ATL100.DLL
0x000000006afb0000 - 0x000000006afb9000 	C:\Program Files\MATLAB\R2013b\bin\win64\uinone.dll
0x000000006af80000 - 0x000000006afac000 	C:\Program Files\MATLAB\R2013b\bin\win64\libmwnativedialogs.dll
0x00007ffac91e0000 - 0x00007ffac91fc000 	C:\WINDOWS\SYSTEM32\MPR.dll
0x000000005da50000 - 0x000000005da5e000 	C:\Program Files\MATLAB\R2013b\bin\win64\libminizip.dll
0x00007ffac53e0000 - 0x00007ffac53f6000 	C:\WINDOWS\SYSTEM32\wkscli.dll
0x00007ffac91b0000 - 0x00007ffac91d6000 	C:\WINDOWS\SYSTEM32\srvcli.dll
0x00007ffac91a0000 - 0x00007ffac91ac000 	C:\WINDOWS\SYSTEM32\netutils.dll
0x0000000012300000 - 0x0000000013422000 	C:\Program Files\MATLAB\R2013b\bin\win64\icudt49.dll
0x000000005bd60000 - 0x000000005be18000 	C:\Program Files\MATLAB\R2013b\bin\win64\libtex_base.dll
0x000000006b850000 - 0x000000006ba58000 	C:\Program Files\MATLAB\R2013b\bin\win64\hdf5dll.dll
0x00007ffac1610000 - 0x00007ffac1617000 	C:\WINDOWS\SYSTEM32\MSIMG32.dll
0x00007ffac9ea0000 - 0x00007ffac9ec8000 	C:\WINDOWS\SYSTEM32\bcrypt.dll
0x000000006cf60000 - 0x000000006cf75000 	C:\Program Files\MATLAB\R2013b\bin\win64\libmwbinder.dll
0x000000006cf50000 - 0x000000006cf5b000 	C:\Program Files\MATLAB\R2013b\bin\win64\libmwompwrapper.dll
0x000000006d410000 - 0x000000006d420000 	C:\Program Files\MATLAB\R2013b\bin\win64\libmwmfl_rng.dll
0x0000000013450000 - 0x0000000013568000 	C:\Program Files\MATLAB\R2013b\bin\win64\libmwmathcore.dll
0x000000006c780000 - 0x000000006c797000 	C:\Program Files\MATLAB\R2013b\bin\win64\ir_xfmr.dll
0x000000006c770000 - 0x000000006c780000 	C:\Program Files\MATLAB\R2013b\bin\win64\mtok.dll
0x000000006af70000 - 0x000000006af7c000 	C:\Program Files\MATLAB\R2013b\bin\win64\libmwplatform_res.dll
0x000000006cfc0000 - 0x000000006d01c000 	C:\Program Files\MATLAB\R2013b\bin\win64\libmwcholmod.dll
0x000000006cfa0000 - 0x000000006cfab000 	C:\Program Files\MATLAB\R2013b\bin\win64\libmwcolamd.dll
0x000000006cfb0000 - 0x000000006cfbc000 	C:\Program Files\MATLAB\R2013b\bin\win64\libmwamd.dll
0x000000006cf80000 - 0x000000006cf93000 	C:\Program Files\MATLAB\R2013b\bin\win64\libmwblas.dll
0x00007ffacacc0000 - 0x00007ffacacf6000 	C:\WINDOWS\system32\IMM32.DLL
0x00007ffaccc90000 - 0x00007ffaccdec000 	C:\WINDOWS\system32\MSCTF.dll
0x00007ffac8840000 - 0x00007ffac88d6000 	C:\WINDOWS\SYSTEM32\UxTheme.dll

VM Arguments:
jvm_args: -XX:PermSize=32m -Xms64m -XX:NewRatio=3 -XX:MaxPermSize=128m -Xmx384m -XX:MaxDirectMemorySize=2147400000 -Dsun.java2d.noddraw=true -Dsun.awt.nopixfmt=true -Xshare:off -Xrs -XX:-UseSplitVerifier -Djava.library.path=C:\Program Files\MATLAB\R2013b\bin\win64;C:\Program Files\MATLAB\R2013b\sys\jxbrowser\win64\lib vfprintf abort -Duser.language=en -Duser.country=US 
java_command: <unknown>
Launcher Type: generic

Environment Variables:
PATH=C:\gstreamer\1.0\x86_64\bin;C:\Program Files (x86)\Intel\iCLS Client\;C:\Program Files\Intel\iCLS Client\;C:\Program Files (x86)\NVIDIA Corporation\PhysX\Common;C:\WINDOWS\system32;C:\WINDOWS;C:\WINDOWS\System32\Wbem;C:\WINDOWS\System32\WindowsPowerShell\v1.0\;C:\Program Files\Intel\WiFi\bin\;C:\Program Files\Common Files\Intel\WirelessCommon\;C:\Program Files\Intel\Intel(R) Management Engine Components\DAL;C:\Program Files (x86)\Intel\Intel(R) Management Engine Components\DAL;C:\Program Files\Intel\Intel(R) Management Engine Components\IPT;C:\Program Files (x86)\Intel\Intel(R) Management Engine Components\IPT;C:\program files (x86)\skype\Phone\;C:\Program Files\MATLAB\R2013b\runtime\win64;C:\Program Files\MATLAB\R2013b\bin;C:\Program Files\SlikSvn\bin
USERNAME=Bruce
OS=Windows_NT
PROCESSOR_IDENTIFIER=Intel64 Family 6 Model 61 Stepping 4, GenuineIntel



---------------  S Y S T E M  ---------------

OS: Windows 8 , 64 bit Build 9200 

CPU:total 4 (2 cores per cpu, 2 threads per core) family 6 model 61 stepping 4, cmov, cx8, fxsr, mmx, sse, sse2, sse3, ssse3, sse4.1, sse4.2, popcnt, avx, avx2, ht, tsc, tscinvbit

Memory: 4k page, physical 8288680k(4228564k free), swap 9599400k(5131440k free)

vm_info: Java HotSpot(TM) 64-Bit Server VM (23.6-b04) for windows-amd64 JRE (1.7.0_11-b21), built on Jan 12 2013 02:38:42 by "java_re" with unknown MS VC++:1600

time: Sat Jan 30 23:57:39 2016
elapsed time: 14 seconds

